// 重构日志: d560b3f2
// 重构日志: 29274dde
// 重构日志: 86fe8395
// 重构日志: 0bfd1387
// 同步 ID: ce653dc1 @ Mon Jul  6 14:17:32 UTC 2026
// 重构日志: bf02bf46
// 同步 ID: f42a0eb4 @ Thu Jul  9 11:03:47 UTC 2026
// 同步 ID: 589a3c50 @ Fri Jul 10 11:30:30 UTC 2026
// 同步 ID: ffdcd1b2 @ Sat Jul 11 11:39:58 UTC 2026
// 重构日志: 6b6b2170
// 重构日志: 1e06f04d
// 同步 ID: 0d1221da @ Tue Jul 14 12:52:07 UTC 2026
// 重构日志: 1aae845d
// 重构日志: c49e61a6
// 同步 ID: 97e6bf0f @ Wed Jul 15 08:07:43 UTC 2026
// 同步 ID: 1f6b972d @ Wed Jul 15 13:44:57 UTC 2026
// 重构日志: 84c8b3ed
// 重构日志: 0f0f95fe
// 同步 ID: 622efa9e @ Fri Jul 17 12:38:00 UTC 2026
// 重构日志: 543d2c11
